  main.cpp
D:\works\Homework\TindRenderShading\main.cpp(28,15): warning C4244: “初始化”: 从“double”转换到“int”，可能丢失数据
D:\works\Homework\TindRenderShading\main.cpp(115,81): warning C4244: “参数”: 从“double”转换到“t”，可能丢失数据
D:\works\Homework\TindRenderShading\main.cpp(115,81): warning C4244:         with
D:\works\Homework\TindRenderShading\main.cpp(115,81): warning C4244:         [
D:\works\Homework\TindRenderShading\main.cpp(115,81): warning C4244:             t=int
D:\works\Homework\TindRenderShading\main.cpp(115,81): warning C4244:         ]
D:\works\Homework\TindRenderShading\main.cpp(115,56): warning C4244: “参数”: 从“double”转换到“t”，可能丢失数据
D:\works\Homework\TindRenderShading\main.cpp(115,56): warning C4244:         with
D:\works\Homework\TindRenderShading\main.cpp(115,56): warning C4244:         [
D:\works\Homework\TindRenderShading\main.cpp(115,56): warning C4244:             t=int
D:\works\Homework\TindRenderShading\main.cpp(115,56): warning C4244:         ]
D:\works\Homework\TindRenderShading\main.cpp(123,125): warning C4244: “参数”: 从“float”转换到“unsigned char”，可能丢失数据
D:\works\Homework\TindRenderShading\main.cpp(123,111): warning C4244: “参数”: 从“float”转换到“unsigned char”，可能丢失数据
D:\works\Homework\TindRenderShading\main.cpp(123,97): warning C4244: “参数”: 从“float”转换到“unsigned char”，可能丢失数据
D:\works\Homework\TindRenderShading\geometry.h(18,78): warning C4244: “参数”: 从“float”转换到“t”，可能丢失数据
D:\works\Homework\TindRenderShading\geometry.h(18,78): warning C4244:         with
D:\works\Homework\TindRenderShading\geometry.h(18,78): warning C4244:         [
D:\works\Homework\TindRenderShading\geometry.h(18,78): warning C4244:             t=int
D:\works\Homework\TindRenderShading\geometry.h(18,78): warning C4244:         ]
  (编译源文件“main.cpp”)
      D:\works\Homework\TindRenderShading\geometry.h(18,78):
      模板实例化上下文(最早的实例化上下文)为
          D:\works\Homework\TindRenderShading\main.cpp(14,6):
          查看对正在编译的 类 模板 实例化“Vec2<int>”的引用
          D:\works\Homework\TindRenderShading\geometry.h(18,17):
          在编译 类 模板 成员函数“Vec2<int> Vec2<int>::operator *(float) const”时
              D:\works\Homework\TindRenderShading\main.cpp(50,22):
              请参阅 "triangle" 中对 "Vec2<int>::operator *" 的第一个引用
  
D:\works\Homework\TindRenderShading\geometry.h(18,71): warning C4244: “参数”: 从“float”转换到“t”，可能丢失数据
D:\works\Homework\TindRenderShading\geometry.h(18,71): warning C4244:         with
D:\works\Homework\TindRenderShading\geometry.h(18,71): warning C4244:         [
D:\works\Homework\TindRenderShading\geometry.h(18,71): warning C4244:             t=int
D:\works\Homework\TindRenderShading\geometry.h(18,71): warning C4244:         ]
  (编译源文件“main.cpp”)
  
  TindRenderShading.vcxproj -> D:\works\Homework\TindRenderShading\x64\Debug\TindRenderShading.exe
