  Day04.cpp
D:\works\Homework\Day04\Day04.cpp(61,23): warning C4244: “初始化”: 从“double”转换到“float”，可能丢失数据
D:\works\Homework\Day04\Day04.cpp(68,96): warning C4244: “参数”: 从“float”转换到“unsigned char”，可能丢失数据
D:\works\Homework\Day04\Day04.cpp(68,75): warning C4244: “参数”: 从“float”转换到“unsigned char”，可能丢失数据
D:\works\Homework\Day04\Day04.cpp(68,54): warning C4244: “参数”: 从“float”转换到“unsigned char”，可能丢失数据
D:\works\Homework\Day04\geometry.h(25,74): warning C4244: “参数”: 从“float”转换到“t”，可能丢失数据
D:\works\Homework\Day04\geometry.h(25,74): warning C4244:         with
D:\works\Homework\Day04\geometry.h(25,74): warning C4244:         [
D:\works\Homework\Day04\geometry.h(25,74): warning C4244:             t=int
D:\works\Homework\Day04\geometry.h(25,74): warning C4244:         ]
  (编译源文件“Day04.cpp”)
      D:\works\Homework\Day04\geometry.h(25,74):
      模板实例化上下文(最早的实例化上下文)为
          D:\works\Homework\Day04\Day04.cpp(43,6):
          查看对正在编译的 类 模板 实例化“Vec2<int>”的引用
          D:\works\Homework\Day04\geometry.h(25,13):
          在编译 类 模板 成员函数“Vec2<int> Vec2<int>::operator *(float) const”时
              D:\works\Homework\Day04\Day04.cpp(57,25):
              请参阅 "triangle" 中对 "Vec2<int>::operator *" 的第一个引用
  
D:\works\Homework\Day04\geometry.h(25,67): warning C4244: “参数”: 从“float”转换到“t”，可能丢失数据
D:\works\Homework\Day04\geometry.h(25,67): warning C4244:         with
D:\works\Homework\Day04\geometry.h(25,67): warning C4244:         [
D:\works\Homework\Day04\geometry.h(25,67): warning C4244:             t=int
D:\works\Homework\Day04\geometry.h(25,67): warning C4244:         ]
  (编译源文件“Day04.cpp”)
  
  Day04.vcxproj -> D:\works\Homework\Day04\x64\Debug\Day04.exe
