  LearningDay02.cpp
D:\works\Homework\LearningDay02\LearningDay02.cpp(27,15): warning C4244: “初始化”: 从“double”转换到“int”，可能丢失数据
D:\works\Homework\LearningDay02\geometry.h(18,78): warning C4244: “参数”: 从“float”转换到“t”，可能丢失数据
D:\works\Homework\LearningDay02\geometry.h(18,78): warning C4244:         with
D:\works\Homework\LearningDay02\geometry.h(18,78): warning C4244:         [
D:\works\Homework\LearningDay02\geometry.h(18,78): warning C4244:             t=int
D:\works\Homework\LearningDay02\geometry.h(18,78): warning C4244:         ]
  (编译源文件“LearningDay02.cpp”)
      D:\works\Homework\LearningDay02\geometry.h(18,78):
      模板实例化上下文(最早的实例化上下文)为
          D:\works\Homework\LearningDay02\LearningDay02.cpp(13,6):
          查看对正在编译的 类 模板 实例化“Vec2<int>”的引用
          D:\works\Homework\LearningDay02\geometry.h(18,17):
          在编译 类 模板 成员函数“Vec2<int> Vec2<int>::operator *(float) const”时
              D:\works\Homework\LearningDay02\LearningDay02.cpp(87,22):
              请参阅 "triangle" 中对 "Vec2<int>::operator *" 的第一个引用
  
D:\works\Homework\LearningDay02\geometry.h(18,71): warning C4244: “参数”: 从“float”转换到“t”，可能丢失数据
D:\works\Homework\LearningDay02\geometry.h(18,71): warning C4244:         with
D:\works\Homework\LearningDay02\geometry.h(18,71): warning C4244:         [
D:\works\Homework\LearningDay02\geometry.h(18,71): warning C4244:             t=int
D:\works\Homework\LearningDay02\geometry.h(18,71): warning C4244:         ]
  (编译源文件“LearningDay02.cpp”)
  
  LearningDay02.vcxproj -> D:\works\Homework\LearningDay02\x64\Debug\LearningDay02.exe
