  main.cpp
D:\works\Homework\Projection2\main.cpp(60,23): warning C4244: “初始化”: 从“double”转换到“float”，可能丢失数据
D:\works\Homework\Projection2\main.cpp(67,96): warning C4244: “参数”: 从“float”转换到“unsigned char”，可能丢失数据
D:\works\Homework\Projection2\main.cpp(67,75): warning C4244: “参数”: 从“float”转换到“unsigned char”，可能丢失数据
D:\works\Homework\Projection2\main.cpp(67,54): warning C4244: “参数”: 从“float”转换到“unsigned char”，可能丢失数据
D:\works\Homework\Projection2\geometry.h(20,74): warning C4244: “参数”: 从“float”转换到“t”，可能丢失数据
D:\works\Homework\Projection2\geometry.h(20,74): warning C4244:         with
D:\works\Homework\Projection2\geometry.h(20,74): warning C4244:         [
D:\works\Homework\Projection2\geometry.h(20,74): warning C4244:             t=int
D:\works\Homework\Projection2\geometry.h(20,74): warning C4244:         ]
  (编译源文件“main.cpp”)
      D:\works\Homework\Projection2\geometry.h(20,74):
      模板实例化上下文(最早的实例化上下文)为
          D:\works\Homework\Projection2\main.cpp(42,6):
          查看对正在编译的 类 模板 实例化“Vec2<int>”的引用
          D:\works\Homework\Projection2\geometry.h(20,13):
          在编译 类 模板 成员函数“Vec2<int> Vec2<int>::operator *(float) const”时
              D:\works\Homework\Projection2\main.cpp(56,25):
              请参阅 "triangle" 中对 "Vec2<int>::operator *" 的第一个引用
  
D:\works\Homework\Projection2\geometry.h(20,67): warning C4244: “参数”: 从“float”转换到“t”，可能丢失数据
D:\works\Homework\Projection2\geometry.h(20,67): warning C4244:         with
D:\works\Homework\Projection2\geometry.h(20,67): warning C4244:         [
D:\works\Homework\Projection2\geometry.h(20,67): warning C4244:             t=int
D:\works\Homework\Projection2\geometry.h(20,67): warning C4244:         ]
  (编译源文件“main.cpp”)
  
  model.cpp
D:\works\Homework\Projection2\model.cpp(88,67): warning C4244: “参数”: 从“t”转换到“t”，可能丢失数据
D:\works\Homework\Projection2\model.cpp(88,67): warning C4244:         with
D:\works\Homework\Projection2\model.cpp(88,67): warning C4244:         [
D:\works\Homework\Projection2\model.cpp(88,67): warning C4244:             t=float
D:\works\Homework\Projection2\model.cpp(88,67): warning C4244:         ]
D:\works\Homework\Projection2\model.cpp(88,67): warning C4244:         and
D:\works\Homework\Projection2\model.cpp(88,67): warning C4244:         [
D:\works\Homework\Projection2\model.cpp(88,67): warning C4244:             t=int
D:\works\Homework\Projection2\model.cpp(88,67): warning C4244:         ]
D:\works\Homework\Projection2\model.cpp(88,29): warning C4244: “参数”: 从“t”转换到“t”，可能丢失数据
D:\works\Homework\Projection2\model.cpp(88,29): warning C4244:         with
D:\works\Homework\Projection2\model.cpp(88,29): warning C4244:         [
D:\works\Homework\Projection2\model.cpp(88,29): warning C4244:             t=float
D:\works\Homework\Projection2\model.cpp(88,29): warning C4244:         ]
D:\works\Homework\Projection2\model.cpp(88,29): warning C4244:         and
D:\works\Homework\Projection2\model.cpp(88,29): warning C4244:         [
D:\works\Homework\Projection2\model.cpp(88,29): warning C4244:             t=int
D:\works\Homework\Projection2\model.cpp(88,29): warning C4244:         ]
  正在生成代码...
  Projection2.vcxproj -> D:\works\Homework\Projection2\x64\Debug\Projection2.exe
